TN:
SF:/Users/JohanNystrom/angular-spa/src/app.module.js
FN:1,(anonymous_1)
FNF:1
FNH:1
FNDA:1,(anonymous_1)
DA:1,1
DA:4,1
LF:2
LH:2
BRF:0
BRH:0
end_of_record
TN:
SF:/Users/JohanNystrom/angular-spa/src/app/dashboard/dashboard.module.js
FN:1,(anonymous_1)
FNF:1
FNH:1
FNDA:1,(anonymous_1)
DA:1,1
DA:4,1
LF:2
LH:2
BRF:0
BRH:0
end_of_record
TN:
SF:/Users/JohanNystrom/angular-spa/src/app/layout/shell.module.js
FN:1,(anonymous_1)
FNF:1
FNH:1
FNDA:1,(anonymous_1)
DA:1,1
DA:4,1
LF:2
LH:2
BRF:0
BRH:0
end_of_record
TN:
SF:/Users/JohanNystrom/angular-spa/src/app/dashboard/dashboard.controller.js
FN:1,(anonymous_1)
FN:11,DashboardController
FN:20,activate
FNF:3
FNH:1
FNDA:1,(anonymous_1)
FNDA:0,DashboardController
FNDA:0,activate
DA:1,1
DA:4,1
DA:8,1
DA:11,1
DA:12,0
DA:13,0
DA:16,0
DA:20,1
LF:8
LH:5
BRF:0
BRH:0
end_of_record
TN:
SF:/Users/JohanNystrom/angular-spa/src/app/dashboard/dashboard.route.js
FN:1,(anonymous_1)
FN:11,configuration
FNF:2
FNH:2
FNDA:1,(anonymous_1)
FNDA:1,configuration
DA:1,1
DA:4,1
DA:8,1
DA:11,1
DA:12,1
DA:14,1
LF:6
LH:6
BRF:0
BRH:0
end_of_record
